<?xml version="1.0" encoding="UTF-8"?>
<!-- Generated by org.testng.reporters.JUnitXMLReporter -->
<testsuite hostname="LAPTOP-PP7LTPN0" ignored="0" name="Test" tests="3" failures="0" timestamp="07 Aug 2019 17:19:40 GMT" time="69.145" errors="0">
  <testcase name="verifyInvalidCredentailsTest" time="4.328" classname="com.webappsecurity.zero.TestScripts.VerifyInvalidLloginTest"/>
  <testcase name="verifyLogin" time="12.698" classname="com.webappsecurity.zero.TestScripts.VerifyLoginTest"/>
  <testcase name="verifyTranferFunds" time="14.419" classname="com.webappsecurity.zero.TestScripts.VerifyTranferFundsTest"/>
</testsuite> <!-- Test -->
